{"__type":"$$EventMessageAudit","id":"509c5575-3810-4f37-9e71-534c0cc0d5b4","ts":"2025-11-24T20:37:48.254+00:00","eventName":"n8n.audit.user.login.success","message":"n8n.audit.user.login.success","payload":{"userId":"b0b13d77-02a0-493d-b7ca-9d469b30efa4","_email":"manu.artusa@gmail.com","_firstName":"Manuel","_lastName":"manu.artusa@gmail.com","globalRole":"global:owner","authenticationMethod":"email"}}
{"__type":"$$EventMessageConfirm","confirm":"509c5575-3810-4f37-9e71-534c0cc0d5b4","ts":"2025-11-24T20:37:48.255+00:00","source":{"id":"0","name":"eventBus"}}
{"__type":"$$EventMessageWorkflow","id":"b77245a0-747f-4b4b-a133-bf4c951a9402","ts":"2025-11-24T20:44:30.917+00:00","eventName":"n8n.workflow.started","message":"n8n.workflow.started","payload":{"executionId":"21","workflowId":"lRY99lILK0kMrWWr","isManual":false,"workflowName":"CARGA PRODUCTOS LAUTARO DIESEL"}}
{"__type":"$$EventMessageConfirm","confirm":"b77245a0-747f-4b4b-a133-bf4c951a9402","ts":"2025-11-24T20:44:30.917+00:00","source":{"id":"0","name":"eventBus"}}
{"__type":"$$EventMessageNode","id":"2a99ef6c-6554-409a-9d7f-df6ee2c1eedc","ts":"2025-11-24T20:44:30.918+00:00","eventName":"n8n.node.started","message":"n8n.node.started","payload":{"workflowId":"lRY99lILK0kMrWWr","workflowName":"CARGA PRODUCTOS LAUTARO DIESEL","executionId":"21","nodeType":"n8n-nodes-base.manualTrigger","nodeName":"When clicking ‘Execute workflow’","nodeId":"e13851a0-b818-43b4-bd85-7e15683738d5"}}
{"__type":"$$EventMessageConfirm","confirm":"2a99ef6c-6554-409a-9d7f-df6ee2c1eedc","ts":"2025-11-24T20:44:30.918+00:00","source":{"id":"0","name":"eventBus"}}
{"__type":"$$EventMessageNode","id":"19d6ab51-fa58-4374-9022-61f0a8eb1925","ts":"2025-11-24T20:44:30.920+00:00","eventName":"n8n.node.finished","message":"n8n.node.finished","payload":{"workflowId":"lRY99lILK0kMrWWr","workflowName":"CARGA PRODUCTOS LAUTARO DIESEL","executionId":"21","nodeType":"n8n-nodes-base.manualTrigger","nodeName":"When clicking ‘Execute workflow’","nodeId":"e13851a0-b818-43b4-bd85-7e15683738d5"}}
{"__type":"$$EventMessageConfirm","confirm":"19d6ab51-fa58-4374-9022-61f0a8eb1925","ts":"2025-11-24T20:44:30.920+00:00","source":{"id":"0","name":"eventBus"}}
{"__type":"$$EventMessageNode","id":"cf2d9864-b42d-4314-9e4c-d142c576cbc9","ts":"2025-11-24T20:44:30.921+00:00","eventName":"n8n.node.started","message":"n8n.node.started","payload":{"workflowId":"lRY99lILK0kMrWWr","workflowName":"CARGA PRODUCTOS LAUTARO DIESEL","executionId":"21","nodeType":"n8n-nodes-base.googleDrive","nodeName":"Download file","nodeId":"2c5f11af-9d3e-4744-9792-b40bb728c78a"}}
{"__type":"$$EventMessageConfirm","confirm":"cf2d9864-b42d-4314-9e4c-d142c576cbc9","ts":"2025-11-24T20:44:30.921+00:00","source":{"id":"0","name":"eventBus"}}
{"__type":"$$EventMessageNode","id":"9647a59c-f4f0-4194-9199-66bad72615a8","ts":"2025-11-24T20:44:32.971+00:00","eventName":"n8n.node.finished","message":"n8n.node.finished","payload":{"workflowId":"lRY99lILK0kMrWWr","workflowName":"CARGA PRODUCTOS LAUTARO DIESEL","executionId":"21","nodeType":"n8n-nodes-base.googleDrive","nodeName":"Download file","nodeId":"2c5f11af-9d3e-4744-9792-b40bb728c78a"}}
{"__type":"$$EventMessageConfirm","confirm":"9647a59c-f4f0-4194-9199-66bad72615a8","ts":"2025-11-24T20:44:32.971+00:00","source":{"id":"0","name":"eventBus"}}
{"__type":"$$EventMessageNode","id":"3c73cf09-3ca9-4c04-9f4c-6a75c49c03bd","ts":"2025-11-24T20:44:32.972+00:00","eventName":"n8n.node.started","message":"n8n.node.started","payload":{"workflowId":"lRY99lILK0kMrWWr","workflowName":"CARGA PRODUCTOS LAUTARO DIESEL","executionId":"21","nodeType":"n8n-nodes-base.extractFromFile","nodeName":"Extract from File","nodeId":"0c2c847b-d65b-4bd7-b56d-540a9e897b12"}}
{"__type":"$$EventMessageConfirm","confirm":"3c73cf09-3ca9-4c04-9f4c-6a75c49c03bd","ts":"2025-11-24T20:44:32.972+00:00","source":{"id":"0","name":"eventBus"}}
{"__type":"$$EventMessageNode","id":"7fcceef0-b6d0-473f-b1df-6794994941d1","ts":"2025-11-24T20:44:32.986+00:00","eventName":"n8n.node.finished","message":"n8n.node.finished","payload":{"workflowId":"lRY99lILK0kMrWWr","workflowName":"CARGA PRODUCTOS LAUTARO DIESEL","executionId":"21","nodeType":"n8n-nodes-base.extractFromFile","nodeName":"Extract from File","nodeId":"0c2c847b-d65b-4bd7-b56d-540a9e897b12"}}
{"__type":"$$EventMessageConfirm","confirm":"7fcceef0-b6d0-473f-b1df-6794994941d1","ts":"2025-11-24T20:44:32.986+00:00","source":{"id":"0","name":"eventBus"}}
{"__type":"$$EventMessageNode","id":"43c859be-f516-4746-b60f-45296149fbdd","ts":"2025-11-24T20:44:32.986+00:00","eventName":"n8n.node.started","message":"n8n.node.started","payload":{"workflowId":"lRY99lILK0kMrWWr","workflowName":"CARGA PRODUCTOS LAUTARO DIESEL","executionId":"21","nodeType":"n8n-nodes-base.code","nodeName":"Code","nodeId":"f394f2f6-49f4-4afb-a527-90ee98835835"}}
{"__type":"$$EventMessageConfirm","confirm":"43c859be-f516-4746-b60f-45296149fbdd","ts":"2025-11-24T20:44:32.986+00:00","source":{"id":"0","name":"eventBus"}}
{"__type":"$$EventMessageNode","id":"a999c06e-6143-4f40-b7db-0d74a8192a25","ts":"2025-11-24T15:44:33.003-05:00","eventName":"n8n.node.finished","message":"n8n.node.finished","payload":{"workflowId":"lRY99lILK0kMrWWr","workflowName":"CARGA PRODUCTOS LAUTARO DIESEL","executionId":"21","nodeType":"n8n-nodes-base.code","nodeName":"Code","nodeId":"f394f2f6-49f4-4afb-a527-90ee98835835"}}
{"__type":"$$EventMessageConfirm","confirm":"a999c06e-6143-4f40-b7db-0d74a8192a25","ts":"2025-11-24T15:44:33.003-05:00","source":{"id":"0","name":"eventBus"}}
{"__type":"$$EventMessageNode","id":"ccad9ef3-7200-4258-ab2d-3fc008fd1cd8","ts":"2025-11-24T15:44:33.004-05:00","eventName":"n8n.node.started","message":"n8n.node.started","payload":{"workflowId":"lRY99lILK0kMrWWr","workflowName":"CARGA PRODUCTOS LAUTARO DIESEL","executionId":"21","nodeType":"n8n-nodes-base.httpRequest","nodeName":"HTTP Request","nodeId":"c57ddcb9-9101-43ee-9f52-2cb778f11eb9"}}
{"__type":"$$EventMessageConfirm","confirm":"ccad9ef3-7200-4258-ab2d-3fc008fd1cd8","ts":"2025-11-24T15:44:33.004-05:00","source":{"id":"0","name":"eventBus"}}
{"__type":"$$EventMessageNode","id":"bec0f5e3-a07c-4004-9c55-0a5a86fb23d7","ts":"2025-11-24T15:44:33.337-05:00","eventName":"n8n.node.finished","message":"n8n.node.finished","payload":{"workflowId":"lRY99lILK0kMrWWr","workflowName":"CARGA PRODUCTOS LAUTARO DIESEL","executionId":"21","nodeType":"n8n-nodes-base.httpRequest","nodeName":"HTTP Request","nodeId":"c57ddcb9-9101-43ee-9f52-2cb778f11eb9"}}
{"__type":"$$EventMessageConfirm","confirm":"bec0f5e3-a07c-4004-9c55-0a5a86fb23d7","ts":"2025-11-24T15:44:33.337-05:00","source":{"id":"0","name":"eventBus"}}
{"__type":"$$EventMessageWorkflow","id":"dd6c3de2-07bb-4106-9fd8-c0a25e2123f0","ts":"2025-11-24T15:44:33.340-05:00","eventName":"n8n.workflow.success","message":"n8n.workflow.success","payload":{"userId":"b0b13d77-02a0-493d-b7ca-9d469b30efa4","executionId":"21","success":true,"isManual":true,"workflowId":"lRY99lILK0kMrWWr","workflowName":"CARGA PRODUCTOS LAUTARO DIESEL"}}
{"__type":"$$EventMessageConfirm","confirm":"dd6c3de2-07bb-4106-9fd8-c0a25e2123f0","ts":"2025-11-24T15:44:33.340-05:00","source":{"id":"0","name":"eventBus"}}
