{"__type":"$$EventMessageAudit","id":"92c3e7a2-4e17-418a-84bc-9d5cd916c51c","ts":"2025-12-04T17:39:28.823-05:00","eventName":"n8n.audit.user.login.failed","message":"n8n.audit.user.login.failed","payload":{"authenticationMethod":"email","userEmail":"tbreppe@hotmail.com","reason":"wrong credentials"}}
{"__type":"$$EventMessageConfirm","confirm":"92c3e7a2-4e17-418a-84bc-9d5cd916c51c","ts":"2025-12-04T17:39:28.824-05:00","source":{"id":"0","name":"eventBus"}}
{"__type":"$$EventMessageAudit","id":"daaab821-55b8-45dd-a773-4c89522cb20a","ts":"2025-12-04T17:39:42.168-05:00","eventName":"n8n.audit.user.login.failed","message":"n8n.audit.user.login.failed","payload":{"authenticationMethod":"email","userEmail":"tbreppe@hotmail.com","reason":"wrong credentials"}}
{"__type":"$$EventMessageConfirm","confirm":"daaab821-55b8-45dd-a773-4c89522cb20a","ts":"2025-12-04T17:39:42.168-05:00","source":{"id":"0","name":"eventBus"}}
{"__type":"$$EventMessageAudit","id":"c29f2848-8360-4acb-b7ab-c5f421cc0550","ts":"2025-12-04T17:39:56.441-05:00","eventName":"n8n.audit.user.login.failed","message":"n8n.audit.user.login.failed","payload":{"authenticationMethod":"email","userEmail":"tbreppe@hotmail.com","reason":"wrong credentials"}}
{"__type":"$$EventMessageConfirm","confirm":"c29f2848-8360-4acb-b7ab-c5f421cc0550","ts":"2025-12-04T17:39:56.442-05:00","source":{"id":"0","name":"eventBus"}}
{"__type":"$$EventMessageAudit","id":"6038c8c4-a206-4f29-aaa6-b4772552ffdf","ts":"2025-12-04T17:40:52.510-05:00","eventName":"n8n.audit.user.login.failed","message":"n8n.audit.user.login.failed","payload":{"authenticationMethod":"email","userEmail":"tbreppe@hotmail.com","reason":"wrong credentials"}}
{"__type":"$$EventMessageConfirm","confirm":"6038c8c4-a206-4f29-aaa6-b4772552ffdf","ts":"2025-12-04T17:40:52.511-05:00","source":{"id":"0","name":"eventBus"}}
{"__type":"$$EventMessageAudit","id":"529b3a2d-afa5-4603-875e-f03aafe6b601","ts":"2025-12-04T17:41:13.270-05:00","eventName":"n8n.audit.user.login.failed","message":"n8n.audit.user.login.failed","payload":{"authenticationMethod":"email","userEmail":"tbreppe@hotmail.com","reason":"wrong credentials"}}
{"__type":"$$EventMessageConfirm","confirm":"529b3a2d-afa5-4603-875e-f03aafe6b601","ts":"2025-12-04T17:41:13.271-05:00","source":{"id":"0","name":"eventBus"}}
{"__type":"$$EventMessageAudit","id":"e05ce609-9f87-4df5-b42e-fa18fdf7449f","ts":"2025-12-04T17:41:55.199-05:00","eventName":"n8n.audit.user.login.failed","message":"n8n.audit.user.login.failed","payload":{"authenticationMethod":"email","userEmail":"tbreppe@hotmail.com","reason":"wrong credentials"}}
{"__type":"$$EventMessageConfirm","confirm":"e05ce609-9f87-4df5-b42e-fa18fdf7449f","ts":"2025-12-04T17:41:55.199-05:00","source":{"id":"0","name":"eventBus"}}
{"__type":"$$EventMessageAudit","id":"f18ed812-de00-4d94-a3e8-2c8e059eac07","ts":"2025-12-04T17:42:07.676-05:00","eventName":"n8n.audit.user.login.failed","message":"n8n.audit.user.login.failed","payload":{"authenticationMethod":"email","userEmail":"tbreppe@hotmail.com","reason":"wrong credentials"}}
{"__type":"$$EventMessageConfirm","confirm":"f18ed812-de00-4d94-a3e8-2c8e059eac07","ts":"2025-12-04T17:42:07.677-05:00","source":{"id":"0","name":"eventBus"}}
{"__type":"$$EventMessageAudit","id":"d09f09d6-cb0b-4a84-9cc2-fd867e79b6e6","ts":"2025-12-04T17:42:50.916-05:00","eventName":"n8n.audit.user.login.success","message":"n8n.audit.user.login.success","payload":{"userId":"b0b13d77-02a0-493d-b7ca-9d469b30efa4","_email":"manu.artusa@gmail.com","_firstName":"Manuel","_lastName":"manu.artusa@gmail.com","globalRole":"global:owner","authenticationMethod":"email"}}
{"__type":"$$EventMessageConfirm","confirm":"d09f09d6-cb0b-4a84-9cc2-fd867e79b6e6","ts":"2025-12-04T17:42:50.917-05:00","source":{"id":"0","name":"eventBus"}}
{"__type":"$$EventMessageWorkflow","id":"43ea084b-9a70-4e9b-b90d-daa00c00556f","ts":"2025-12-04T17:44:51.647-05:00","eventName":"n8n.workflow.started","message":"n8n.workflow.started","payload":{"executionId":"39","workflowId":"lRY99lILK0kMrWWr","isManual":false,"workflowName":"CARGA PRODUCTOS LAUTARO DIESEL"}}
{"__type":"$$EventMessageConfirm","confirm":"43ea084b-9a70-4e9b-b90d-daa00c00556f","ts":"2025-12-04T17:44:51.648-05:00","source":{"id":"0","name":"eventBus"}}
{"__type":"$$EventMessageNode","id":"79194e80-ec43-4e01-b74c-d30cc7c32f10","ts":"2025-12-04T17:44:51.649-05:00","eventName":"n8n.node.started","message":"n8n.node.started","payload":{"workflowId":"lRY99lILK0kMrWWr","workflowName":"CARGA PRODUCTOS LAUTARO DIESEL","executionId":"39","nodeType":"n8n-nodes-base.webhook","nodeName":"Webhook","nodeId":"3502c75f-c4d7-4690-a3f6-8701cb4d1ca2"}}
{"__type":"$$EventMessageConfirm","confirm":"79194e80-ec43-4e01-b74c-d30cc7c32f10","ts":"2025-12-04T17:44:51.649-05:00","source":{"id":"0","name":"eventBus"}}
{"__type":"$$EventMessageNode","id":"90fb8bfc-6554-4d67-ae4c-edb9557a3f45","ts":"2025-12-04T17:44:51.650-05:00","eventName":"n8n.node.finished","message":"n8n.node.finished","payload":{"workflowId":"lRY99lILK0kMrWWr","workflowName":"CARGA PRODUCTOS LAUTARO DIESEL","executionId":"39","nodeType":"n8n-nodes-base.webhook","nodeName":"Webhook","nodeId":"3502c75f-c4d7-4690-a3f6-8701cb4d1ca2"}}
{"__type":"$$EventMessageConfirm","confirm":"90fb8bfc-6554-4d67-ae4c-edb9557a3f45","ts":"2025-12-04T17:44:51.651-05:00","source":{"id":"0","name":"eventBus"}}
{"__type":"$$EventMessageNode","id":"01c5dfcc-8fae-4db5-a38d-a0148b86d035","ts":"2025-12-04T17:44:51.651-05:00","eventName":"n8n.node.started","message":"n8n.node.started","payload":{"workflowId":"lRY99lILK0kMrWWr","workflowName":"CARGA PRODUCTOS LAUTARO DIESEL","executionId":"39","nodeType":"n8n-nodes-base.googleDrive","nodeName":"Download file","nodeId":"2c5f11af-9d3e-4744-9792-b40bb728c78a"}}
{"__type":"$$EventMessageConfirm","confirm":"01c5dfcc-8fae-4db5-a38d-a0148b86d035","ts":"2025-12-04T17:44:51.651-05:00","source":{"id":"0","name":"eventBus"}}
{"__type":"$$EventMessageNode","id":"6a58fcb2-e461-43bd-9479-551b8e73faf0","ts":"2025-12-04T17:44:53.461-05:00","eventName":"n8n.node.finished","message":"n8n.node.finished","payload":{"workflowId":"lRY99lILK0kMrWWr","workflowName":"CARGA PRODUCTOS LAUTARO DIESEL","executionId":"39","nodeType":"n8n-nodes-base.googleDrive","nodeName":"Download file","nodeId":"2c5f11af-9d3e-4744-9792-b40bb728c78a"}}
{"__type":"$$EventMessageConfirm","confirm":"6a58fcb2-e461-43bd-9479-551b8e73faf0","ts":"2025-12-04T17:44:53.461-05:00","source":{"id":"0","name":"eventBus"}}
{"__type":"$$EventMessageNode","id":"a844da7e-e2d2-4962-8182-4beb12206975","ts":"2025-12-04T17:44:53.462-05:00","eventName":"n8n.node.started","message":"n8n.node.started","payload":{"workflowId":"lRY99lILK0kMrWWr","workflowName":"CARGA PRODUCTOS LAUTARO DIESEL","executionId":"39","nodeType":"n8n-nodes-base.extractFromFile","nodeName":"Extract from File","nodeId":"0c2c847b-d65b-4bd7-b56d-540a9e897b12"}}
{"__type":"$$EventMessageConfirm","confirm":"a844da7e-e2d2-4962-8182-4beb12206975","ts":"2025-12-04T17:44:53.463-05:00","source":{"id":"0","name":"eventBus"}}
{"__type":"$$EventMessageNode","id":"a126776a-d4cb-47e6-b12c-d653aa766c64","ts":"2025-12-04T17:44:53.512-05:00","eventName":"n8n.node.finished","message":"n8n.node.finished","payload":{"workflowId":"lRY99lILK0kMrWWr","workflowName":"CARGA PRODUCTOS LAUTARO DIESEL","executionId":"39","nodeType":"n8n-nodes-base.extractFromFile","nodeName":"Extract from File","nodeId":"0c2c847b-d65b-4bd7-b56d-540a9e897b12"}}
{"__type":"$$EventMessageConfirm","confirm":"a126776a-d4cb-47e6-b12c-d653aa766c64","ts":"2025-12-04T17:44:53.513-05:00","source":{"id":"0","name":"eventBus"}}
{"__type":"$$EventMessageNode","id":"96286bfb-365b-4d03-b3f0-29e662055096","ts":"2025-12-04T17:44:53.513-05:00","eventName":"n8n.node.started","message":"n8n.node.started","payload":{"workflowId":"lRY99lILK0kMrWWr","workflowName":"CARGA PRODUCTOS LAUTARO DIESEL","executionId":"39","nodeType":"n8n-nodes-base.code","nodeName":"Code","nodeId":"f394f2f6-49f4-4afb-a527-90ee98835835"}}
{"__type":"$$EventMessageConfirm","confirm":"96286bfb-365b-4d03-b3f0-29e662055096","ts":"2025-12-04T17:44:53.514-05:00","source":{"id":"0","name":"eventBus"}}
{"__type":"$$EventMessageNode","id":"ba2b7f9c-7d0b-416a-ab2c-52dd73cafc41","ts":"2025-12-04T17:44:53.547-05:00","eventName":"n8n.node.finished","message":"n8n.node.finished","payload":{"workflowId":"lRY99lILK0kMrWWr","workflowName":"CARGA PRODUCTOS LAUTARO DIESEL","executionId":"39","nodeType":"n8n-nodes-base.code","nodeName":"Code","nodeId":"f394f2f6-49f4-4afb-a527-90ee98835835"}}
{"__type":"$$EventMessageConfirm","confirm":"ba2b7f9c-7d0b-416a-ab2c-52dd73cafc41","ts":"2025-12-04T17:44:53.552-05:00","source":{"id":"0","name":"eventBus"}}
{"__type":"$$EventMessageNode","id":"245a25d2-b535-41d2-9d87-099c9affbc22","ts":"2025-12-04T17:44:53.552-05:00","eventName":"n8n.node.started","message":"n8n.node.started","payload":{"workflowId":"lRY99lILK0kMrWWr","workflowName":"CARGA PRODUCTOS LAUTARO DIESEL","executionId":"39","nodeType":"n8n-nodes-base.httpRequest","nodeName":"HTTP Request","nodeId":"c57ddcb9-9101-43ee-9f52-2cb778f11eb9"}}
{"__type":"$$EventMessageConfirm","confirm":"245a25d2-b535-41d2-9d87-099c9affbc22","ts":"2025-12-04T17:44:53.552-05:00","source":{"id":"0","name":"eventBus"}}
{"__type":"$$EventMessageNode","id":"773058ef-781c-4720-bb93-7c4938f2978f","ts":"2025-12-04T17:44:53.722-05:00","eventName":"n8n.node.finished","message":"n8n.node.finished","payload":{"workflowId":"lRY99lILK0kMrWWr","workflowName":"CARGA PRODUCTOS LAUTARO DIESEL","executionId":"39","nodeType":"n8n-nodes-base.httpRequest","nodeName":"HTTP Request","nodeId":"c57ddcb9-9101-43ee-9f52-2cb778f11eb9"}}
{"__type":"$$EventMessageConfirm","confirm":"773058ef-781c-4720-bb93-7c4938f2978f","ts":"2025-12-04T17:44:53.722-05:00","source":{"id":"0","name":"eventBus"}}
{"__type":"$$EventMessageWorkflow","id":"fc086447-f3b3-4b5d-a0e0-1f70ecae5b34","ts":"2025-12-04T17:44:53.723-05:00","eventName":"n8n.workflow.success","message":"n8n.workflow.success","payload":{"executionId":"39","success":true,"isManual":false,"workflowId":"lRY99lILK0kMrWWr","workflowName":"CARGA PRODUCTOS LAUTARO DIESEL"}}
{"__type":"$$EventMessageConfirm","confirm":"fc086447-f3b3-4b5d-a0e0-1f70ecae5b34","ts":"2025-12-04T17:44:53.724-05:00","source":{"id":"0","name":"eventBus"}}
